TN:
SF:controllers/todoController.js
FN:7,(anonymous_0)
FN:15,(anonymous_1)
FN:26,(anonymous_2)
FN:34,(anonymous_3)
FN:51,(anonymous_4)
FN:108,(anonymous_5)
FN:195,(anonymous_6)
FNF:7
FNH:0
FNDA:0,(anonymous_0)
FNDA:0,(anonymous_1)
FNDA:0,(anonymous_2)
FNDA:0,(anonymous_3)
FNDA:0,(anonymous_4)
FNDA:0,(anonymous_5)
FNDA:0,(anonymous_6)
DA:1,0
DA:8,0
DA:9,0
DA:16,0
DA:17,0
DA:18,0
DA:27,0
DA:28,0
DA:30,0
DA:32,0
DA:34,0
DA:38,0
DA:39,0
DA:52,0
DA:53,0
DA:55,0
DA:58,0
DA:59,0
DA:65,0
DA:66,0
DA:72,0
DA:73,0
DA:74,0
DA:80,0
DA:81,0
DA:87,0
DA:89,0
DA:95,0
DA:96,0
DA:109,0
DA:110,0
DA:112,0
DA:113,0
DA:116,0
DA:117,0
DA:124,0
DA:125,0
DA:132,0
DA:133,0
DA:134,0
DA:140,0
DA:141,0
DA:142,0
DA:148,0
DA:149,0
DA:155,0
DA:159,0
DA:160,0
DA:166,0
DA:168,0
DA:174,0
DA:176,0
DA:177,0
DA:183,0
DA:196,0
DA:197,0
DA:199,0
DA:202,0
DA:203,0
DA:209,0
DA:211,0
DA:216,0
DA:218,0
DA:219,0
DA:225,0
DA:234,0
LF:66
LH:0
BRDA:16,0,0,0
BRDA:16,0,1,0
BRDA:35,1,0,0
BRDA:35,1,1,0
BRDA:42,2,0,0
BRDA:42,2,1,0
BRDA:58,3,0,0
BRDA:58,3,1,0
BRDA:58,4,0,0
BRDA:58,4,1,0
BRDA:65,5,0,0
BRDA:65,5,1,0
BRDA:73,6,0,0
BRDA:73,6,1,0
BRDA:80,7,0,0
BRDA:80,7,1,0
BRDA:99,8,0,0
BRDA:99,8,1,0
BRDA:116,9,0,0
BRDA:116,9,1,0
BRDA:116,10,0,0
BRDA:116,10,1,0
BRDA:124,11,0,0
BRDA:124,11,1,0
BRDA:124,12,0,0
BRDA:124,12,1,0
BRDA:124,12,2,0
BRDA:124,12,3,0
BRDA:124,12,4,0
BRDA:132,13,0,0
BRDA:132,13,1,0
BRDA:133,14,0,0
BRDA:133,14,1,0
BRDA:141,15,0,0
BRDA:141,15,1,0
BRDA:148,16,0,0
BRDA:148,16,1,0
BRDA:159,17,0,0
BRDA:159,17,1,0
BRDA:159,18,0,0
BRDA:159,18,1,0
BRDA:176,19,0,0
BRDA:176,19,1,0
BRDA:186,20,0,0
BRDA:186,20,1,0
BRDA:202,21,0,0
BRDA:202,21,1,0
BRDA:202,22,0,0
BRDA:202,22,1,0
BRDA:218,23,0,0
BRDA:218,23,1,0
BRDA:228,24,0,0
BRDA:228,24,1,0
BRF:53
BRH:0
end_of_record
TN:
SF:models/Todo.js
FN:8,(anonymous_0)
FN:22,(anonymous_1)
FN:44,(anonymous_2)
FN:52,(anonymous_3)
FN:61,(anonymous_4)
FN:73,(anonymous_5)
FN:88,(anonymous_6)
FN:116,(anonymous_7)
FNF:8
FNH:8
FNDA:50,(anonymous_0)
FNDA:56,(anonymous_1)
FNDA:6,(anonymous_2)
FNDA:4,(anonymous_3)
FNDA:6,(anonymous_4)
FNDA:14,(anonymous_5)
FNDA:30,(anonymous_6)
FNDA:9,(anonymous_7)
DA:1,2
DA:9,50
DA:10,50
DA:11,41
DA:12,41
DA:13,41
DA:23,56
DA:24,3
DA:27,53
DA:29,53
DA:30,6
DA:33,47
DA:34,3
DA:37,44
DA:45,6
DA:46,3
DA:53,4
DA:54,4
DA:62,6
DA:63,2
DA:65,4
DA:66,4
DA:74,14
DA:89,30
DA:90,3
DA:93,27
DA:95,26
DA:96,25
DA:99,26
DA:100,25
DA:103,26
DA:104,25
DA:107,26
DA:117,9
DA:118,2
DA:121,7
DA:122,2
DA:125,5
DA:126,1
DA:129,4
DA:130,1
DA:133,3
DA:134,1
DA:137,2
DA:138,1
DA:141,1
DA:145,2
LF:47
LH:47
BRDA:8,0,0,22
BRDA:9,1,0,50
BRDA:9,1,1,22
BRDA:23,2,0,3
BRDA:23,2,1,53
BRDA:29,3,0,6
BRDA:29,3,1,47
BRDA:33,4,0,3
BRDA:33,4,1,44
BRDA:62,5,0,2
BRDA:62,5,1,4
BRDA:89,6,0,3
BRDA:89,6,1,27
BRDA:89,7,0,30
BRDA:89,7,1,29
BRDA:95,8,0,25
BRDA:95,8,1,1
BRDA:99,9,0,25
BRDA:99,9,1,1
BRDA:103,10,0,25
BRDA:103,10,1,1
BRDA:117,11,0,2
BRDA:117,11,1,7
BRDA:117,12,0,9
BRDA:117,12,1,8
BRDA:121,13,0,2
BRDA:121,13,1,5
BRDA:121,14,0,7
BRDA:121,14,1,6
BRDA:125,15,0,1
BRDA:125,15,1,4
BRDA:125,16,0,5
BRDA:125,16,1,4
BRDA:129,17,0,1
BRDA:129,17,1,3
BRDA:133,18,0,1
BRDA:133,18,1,2
BRDA:137,19,0,1
BRDA:137,19,1,1
BRDA:137,20,0,2
BRDA:137,20,1,2
BRF:41
BRH:41
end_of_record
TN:
SF:public/js/app.js
FN:7,(anonymous_0)
FN:27,(anonymous_1)
FN:53,(anonymous_2)
FN:71,(anonymous_3)
FN:73,(anonymous_4)
FN:79,(anonymous_5)
FN:97,(anonymous_6)
FN:117,(anonymous_7)
FN:152,(anonymous_8)
FN:167,(anonymous_9)
FN:205,(anonymous_10)
FN:218,(anonymous_11)
FN:219,(anonymous_12)
FN:225,(anonymous_13)
FN:270,(anonymous_14)
FN:280,(anonymous_15)
FN:351,(anonymous_16)
FN:363,(anonymous_17)
FN:375,(anonymous_18)
FN:394,(anonymous_19)
FN:405,(anonymous_20)
FN:454,(anonymous_21)
FN:457,(anonymous_22)
FN:463,(anonymous_23)
FN:469,(anonymous_24)
FN:479,(anonymous_25)
FN:500,(anonymous_26)
FN:510,(anonymous_27)
FN:511,(anonymous_28)
FN:563,(anonymous_29)
FN:599,(anonymous_30)
FN:651,(anonymous_31)
FN:661,(anonymous_32)
FN:677,(anonymous_33)
FN:678,(anonymous_34)
FN:697,(anonymous_35)
FN:725,(anonymous_36)
FN:737,(anonymous_37)
FN:747,(anonymous_38)
FN:779,(anonymous_39)
FN:780,(anonymous_40)
FN:801,(anonymous_41)
FN:821,(anonymous_42)
FN:835,(anonymous_43)
FN:848,(anonymous_44)
FN:849,(anonymous_45)
FN:892,(anonymous_46)
FN:896,(anonymous_47)
FN:901,(anonymous_48)
FN:907,(anonymous_49)
FN:915,(anonymous_50)
FN:932,(anonymous_51)
FN:934,(anonymous_52)
FN:945,(anonymous_53)
FN:955,(anonymous_54)
FN:968,(anonymous_55)
FN:976,(anonymous_56)
FN:986,(anonymous_57)
FN:1002,(anonymous_58)
FN:1016,(anonymous_59)
FN:1029,(anonymous_60)
FN:1041,(anonymous_61)
FN:1049,(anonymous_62)
FN:1061,(anonymous_63)
FN:1068,(anonymous_64)
FN:1079,(anonymous_65)
FN:1093,(anonymous_66)
FN:1128,(anonymous_67)
FN:1145,(anonymous_68)
FN:1160,(anonymous_69)
FN:1162,(anonymous_70)
FN:1175,(anonymous_71)
FN:1187,(anonymous_72)
FN:1218,(anonymous_73)
FN:1224,(anonymous_74)
FN:1237,(anonymous_75)
FN:1242,(anonymous_76)
FN:1246,(anonymous_77)
FN:1251,(anonymous_78)
FNF:79
FNH:0
FNDA:0,(anonymous_0)
FNDA:0,(anonymous_1)
FNDA:0,(anonymous_2)
FNDA:0,(anonymous_3)
FNDA:0,(anonymous_4)
FNDA:0,(anonymous_5)
FNDA:0,(anonymous_6)
FNDA:0,(anonymous_7)
FNDA:0,(anonymous_8)
FNDA:0,(anonymous_9)
FNDA:0,(anonymous_10)
FNDA:0,(anonymous_11)
FNDA:0,(anonymous_12)
FNDA:0,(anonymous_13)
FNDA:0,(anonymous_14)
FNDA:0,(anonymous_15)
FNDA:0,(anonymous_16)
FNDA:0,(anonymous_17)
FNDA:0,(anonymous_18)
FNDA:0,(anonymous_19)
FNDA:0,(anonymous_20)
FNDA:0,(anonymous_21)
FNDA:0,(anonymous_22)
FNDA:0,(anonymous_23)
FNDA:0,(anonymous_24)
FNDA:0,(anonymous_25)
FNDA:0,(anonymous_26)
FNDA:0,(anonymous_27)
FNDA:0,(anonymous_28)
FNDA:0,(anonymous_29)
FNDA:0,(anonymous_30)
FNDA:0,(anonymous_31)
FNDA:0,(anonymous_32)
FNDA:0,(anonymous_33)
FNDA:0,(anonymous_34)
FNDA:0,(anonymous_35)
FNDA:0,(anonymous_36)
FNDA:0,(anonymous_37)
FNDA:0,(anonymous_38)
FNDA:0,(anonymous_39)
FNDA:0,(anonymous_40)
FNDA:0,(anonymous_41)
FNDA:0,(anonymous_42)
FNDA:0,(anonymous_43)
FNDA:0,(anonymous_44)
FNDA:0,(anonymous_45)
FNDA:0,(anonymous_46)
FNDA:0,(anonymous_47)
FNDA:0,(anonymous_48)
FNDA:0,(anonymous_49)
FNDA:0,(anonymous_50)
FNDA:0,(anonymous_51)
FNDA:0,(anonymous_52)
FNDA:0,(anonymous_53)
FNDA:0,(anonymous_54)
FNDA:0,(anonymous_55)
FNDA:0,(anonymous_56)
FNDA:0,(anonymous_57)
FNDA:0,(anonymous_58)
FNDA:0,(anonymous_59)
FNDA:0,(anonymous_60)
FNDA:0,(anonymous_61)
FNDA:0,(anonymous_62)
FNDA:0,(anonymous_63)
FNDA:0,(anonymous_64)
FNDA:0,(anonymous_65)
FNDA:0,(anonymous_66)
FNDA:0,(anonymous_67)
FNDA:0,(anonymous_68)
FNDA:0,(anonymous_69)
FNDA:0,(anonymous_70)
FNDA:0,(anonymous_71)
FNDA:0,(anonymous_72)
FNDA:0,(anonymous_73)
FNDA:0,(anonymous_74)
FNDA:0,(anonymous_75)
FNDA:0,(anonymous_76)
FNDA:0,(anonymous_77)
FNDA:0,(anonymous_78)
DA:8,0
DA:9,0
DA:10,0
DA:11,0
DA:12,0
DA:13,0
DA:14,0
DA:15,0
DA:18,0
DA:21,0
DA:28,0
DA:30,0
DA:32,0
DA:35,0
DA:38,0
DA:41,0
DA:43,0
DA:45,0
DA:46,0
DA:54,0
DA:73,0
DA:74,0
DA:75,0
DA:79,0
DA:80,0
DA:84,0
DA:98,0
DA:99,0
DA:105,0
DA:107,0
DA:108,0
DA:110,0
DA:111,0
DA:114,0
DA:116,0
DA:117,0
DA:118,0
DA:119,0
DA:122,0
DA:124,0
DA:127,0
DA:129,0
DA:130,0
DA:131,0
DA:133,0
DA:137,0
DA:138,0
DA:142,0
DA:153,0
DA:169,0
DA:170,0
DA:174,0
DA:176,0
DA:178,0
DA:180,0
DA:182,0
DA:184,0
DA:186,0
DA:188,0
DA:190,0
DA:194,0
DA:196,0
DA:206,0
DA:207,0
DA:219,0
DA:226,0
DA:227,0
DA:230,0
DA:231,0
DA:234,0
DA:236,0
DA:237,0
DA:238,0
DA:241,0
DA:242,0
DA:244,0
DA:247,0
DA:250,0
DA:253,0
DA:254,0
DA:255,0
DA:256,0
DA:257,0
DA:259,0
DA:262,0
DA:265,0
DA:266,0
DA:269,0
DA:270,0
DA:273,0
DA:281,0
DA:284,0
DA:287,0
DA:288,0
DA:289,0
DA:290,0
DA:294,0
DA:295,0
DA:296,0
DA:297,0
DA:300,0
DA:302,0
DA:305,0
DA:310,0
DA:312,0
DA:315,0
DA:318,0
DA:321,0
DA:324,0
DA:326,0
DA:329,0
DA:332,0
DA:333,0
DA:334,0
DA:335,0
DA:336,0
DA:337,0
DA:338,0
DA:339,0
DA:340,0
DA:342,0
DA:346,0
DA:347,0
DA:350,0
DA:351,0
DA:355,0
DA:364,0
DA:365,0
DA:366,0
DA:367,0
DA:368,0
DA:377,0
DA:380,0
DA:381,0
DA:382,0
DA:383,0
DA:387,0
DA:388,0
DA:391,0
DA:394,0
DA:395,0
DA:396,0
DA:406,0
DA:407,0
DA:408,0
DA:411,0
DA:412,0
DA:415,0
DA:444,0
DA:446,0
DA:456,0
DA:457,0
DA:458,0
DA:462,0
DA:463,0
DA:464,0
DA:468,0
DA:469,0
DA:470,0
DA:480,0
DA:481,0
DA:482,0
DA:484,0
DA:485,0
DA:486,0
DA:487,0
DA:488,0
DA:489,0
DA:491,0
DA:501,0
DA:502,0
DA:503,0
DA:511,0
DA:512,0
DA:514,0
DA:515,0
DA:517,0
DA:518,0
DA:521,0
DA:524,0
DA:525,0
DA:526,0
DA:527,0
DA:528,0
DA:529,0
DA:539,0
DA:540,0
DA:541,0
DA:543,0
DA:544,0
DA:545,0
DA:547,0
DA:548,0
DA:549,0
DA:551,0
DA:552,0
DA:555,0
DA:556,0
DA:559,0
DA:560,0
DA:563,0
DA:564,0
DA:567,0
DA:568,0
DA:569,0
DA:570,0
DA:573,0
DA:574,0
DA:575,0
DA:576,0
DA:580,0
DA:581,0
DA:582,0
DA:585,0
DA:587,0
DA:588,0
DA:589,0
DA:592,0
DA:597,0
DA:599,0
DA:600,0
DA:601,0
DA:605,0
DA:608,0
DA:610,0
DA:613,0
DA:616,0
DA:617,0
DA:618,0
DA:619,0
DA:620,0
DA:622,0
DA:623,0
DA:624,0
DA:625,0
DA:626,0
DA:627,0
DA:628,0
DA:629,0
DA:630,0
DA:632,0
DA:635,0
DA:638,0
DA:639,0
DA:640,0
DA:641,0
DA:644,0
DA:645,0
DA:651,0
DA:653,0
DA:657,0
DA:658,0
DA:661,0
DA:662,0
DA:663,0
DA:664,0
DA:665,0
DA:666,0
DA:667,0
DA:678,0
DA:679,0
DA:682,0
DA:684,0
DA:686,0
DA:687,0
DA:690,0
DA:695,0
DA:697,0
DA:698,0
DA:699,0
DA:703,0
DA:706,0
DA:707,0
DA:709,0
DA:712,0
DA:715,0
DA:716,0
DA:719,0
DA:720,0
DA:721,0
DA:722,0
DA:723,0
DA:725,0
DA:726,0
DA:727,0
DA:728,0
DA:730,0
DA:733,0
DA:736,0
DA:737,0
DA:748,0
DA:749,0
DA:751,0
DA:752,0
DA:755,0
DA:756,0
DA:760,0
DA:761,0
DA:762,0
DA:763,0
DA:764,0
DA:767,0
DA:768,0
DA:769,0
DA:770,0
DA:780,0
DA:781,0
DA:784,0
DA:791,0
DA:793,0
DA:795,0
DA:799,0
DA:801,0
DA:804,0
DA:807,0
DA:809,0
DA:812,0
DA:815,0
DA:816,0
DA:817,0
DA:818,0
DA:819,0
DA:821,0
DA:822,0
DA:823,0
DA:824,0
DA:825,0
DA:826,0
DA:828,0
DA:831,0
DA:834,0
DA:835,0
DA:849,0
DA:851,0
DA:852,0
DA:866,0
DA:867,0
DA:876,0
DA:885,0
DA:886,0
DA:889,0
DA:890,0
DA:892,0
DA:893,0
DA:896,0
DA:897,0
DA:898,0
DA:901,0
DA:902,0
DA:903,0
DA:907,0
DA:908,0
DA:909,0
DA:910,0
DA:915,0
DA:916,0
DA:917,0
DA:918,0
DA:919,0
DA:922,0
DA:925,0
DA:933,0
DA:934,0
DA:935,0
DA:946,0
DA:947,0
DA:948,0
DA:949,0
DA:956,0
DA:957,0
DA:969,0
DA:977,0
DA:987,0
DA:988,0
DA:989,0
DA:992,0
DA:993,0
DA:996,0
DA:997,0
DA:1001,0
DA:1002,0
DA:1003,0
DA:1008,0
DA:1017,0
DA:1023,0
DA:1030,0
DA:1031,0
DA:1032,0
DA:1033,0
DA:1042,0
DA:1043,0
DA:1050,0
DA:1062,0
DA:1069,0
DA:1070,0
DA:1073,0
DA:1080,0
DA:1081,0
DA:1082,0
DA:1083,0
DA:1086,0
DA:1095,0
DA:1097,0
DA:1098,0
DA:1099,0
DA:1112,0
DA:1116,0
DA:1119,0
DA:1120,0
DA:1121,0
DA:1129,0
DA:1130,0
DA:1131,0
DA:1134,0
DA:1135,0
DA:1136,0
DA:1146,0
DA:1147,0
DA:1151,0
DA:1153,0
DA:1162,0
DA:1163,0
DA:1164,0
DA:1165,0
DA:1166,0
DA:1176,0
DA:1177,0
DA:1178,0
DA:1189,0
DA:1190,0
DA:1206,0
DA:1212,0
DA:1215,0
DA:1216,0
DA:1218,0
DA:1219,0
DA:1220,0
DA:1224,0
DA:1225,0
DA:1226,0
DA:1229,0
DA:1232,0
DA:1237,0
DA:1238,0
DA:1239,0
DA:1242,0
DA:1243,0
DA:1246,0
DA:1247,0
DA:1251,0
DA:1252,0
DA:1253,0
DA:1258,0
DA:1261,0
DA:1262,0
DA:1274,0
DA:1279,0
DA:1283,0
LF:458
LH:0
BRDA:97,0,0,0
BRDA:110,1,0,0
BRDA:110,1,1,0
BRDA:116,2,0,0
BRDA:116,2,1,0
BRDA:127,3,0,0
BRDA:127,3,1,0
BRDA:127,4,0,0
BRDA:127,4,1,0
BRDA:129,5,0,0
BRDA:129,5,1,0
BRDA:137,6,0,0
BRDA:137,6,1,0
BRDA:153,7,0,0
BRDA:153,7,1,0
BRDA:153,7,2,0
BRDA:153,7,3,0
BRDA:153,7,4,0
BRDA:153,7,5,0
BRDA:169,8,0,0
BRDA:169,8,1,0
BRDA:169,9,0,0
BRDA:169,9,1,0
BRDA:169,9,2,0
BRDA:174,10,0,0
BRDA:174,10,1,0
BRDA:174,10,2,0
BRDA:174,10,3,0
BRDA:174,10,4,0
BRDA:174,10,5,0
BRDA:174,10,6,0
BRDA:174,10,7,0
BRDA:174,10,8,0
BRDA:174,10,9,0
BRDA:174,10,10,0
BRDA:174,10,11,0
BRDA:176,11,0,0
BRDA:176,11,1,0
BRDA:186,12,0,0
BRDA:186,12,1,0
BRDA:196,13,0,0
BRDA:196,13,1,0
BRDA:208,14,0,0
BRDA:208,14,1,0
BRDA:230,15,0,0
BRDA:230,15,1,0
BRDA:236,16,0,0
BRDA:236,16,1,0
BRDA:237,17,0,0
BRDA:237,17,1,0
BRDA:241,18,0,0
BRDA:241,18,1,0
BRDA:247,19,0,0
BRDA:247,19,1,0
BRDA:254,20,0,0
BRDA:254,20,1,0
BRDA:256,21,0,0
BRDA:256,21,1,0
BRDA:269,22,0,0
BRDA:269,22,1,0
BRDA:287,23,0,0
BRDA:287,23,1,0
BRDA:294,24,0,0
BRDA:294,24,1,0
BRDA:310,25,0,0
BRDA:310,25,1,0
BRDA:326,26,0,0
BRDA:326,26,1,0
BRDA:333,27,0,0
BRDA:333,27,1,0
BRDA:335,28,0,0
BRDA:335,28,1,0
BRDA:337,29,0,0
BRDA:337,29,1,0
BRDA:337,30,0,0
BRDA:337,30,1,0
BRDA:339,31,0,0
BRDA:339,31,1,0
BRDA:339,32,0,0
BRDA:339,32,1,0
BRDA:350,33,0,0
BRDA:350,33,1,0
BRDA:366,34,0,0
BRDA:366,34,1,0
BRDA:368,35,0,0
BRDA:368,35,1,0
BRDA:380,36,0,0
BRDA:380,36,1,0
BRDA:407,37,0,0
BRDA:407,37,1,0
BRDA:420,38,0,0
BRDA:420,38,1,0
BRDA:436,39,0,0
BRDA:436,39,1,0
BRDA:437,40,0,0
BRDA:437,40,1,0
BRDA:484,41,0,0
BRDA:484,41,1,0
BRDA:486,42,0,0
BRDA:486,42,1,0
BRDA:488,43,0,0
BRDA:488,43,1,0
BRDA:512,44,0,0
BRDA:512,44,1,0
BRDA:515,45,0,0
BRDA:515,45,1,0
BRDA:567,46,0,0
BRDA:567,46,1,0
BRDA:573,47,0,0
BRDA:573,47,1,0
BRDA:580,48,0,0
BRDA:580,48,1,0
BRDA:597,49,0,0
BRDA:597,49,1,0
BRDA:600,50,0,0
BRDA:600,50,1,0
BRDA:610,51,0,0
BRDA:610,51,1,0
BRDA:617,52,0,0
BRDA:617,52,1,0
BRDA:619,53,0,0
BRDA:619,53,1,0
BRDA:625,54,0,0
BRDA:625,54,1,0
BRDA:625,55,0,0
BRDA:625,55,1,0
BRDA:627,56,0,0
BRDA:627,56,1,0
BRDA:627,57,0,0
BRDA:627,57,1,0
BRDA:629,58,0,0
BRDA:629,58,1,0
BRDA:644,59,0,0
BRDA:644,59,1,0
BRDA:644,60,0,0
BRDA:644,60,1,0
BRDA:662,61,0,0
BRDA:662,61,1,0
BRDA:665,62,0,0
BRDA:665,62,1,0
BRDA:679,63,0,0
BRDA:679,63,1,0
BRDA:695,64,0,0
BRDA:695,64,1,0
BRDA:698,65,0,0
BRDA:698,65,1,0
BRDA:706,66,0,0
BRDA:706,66,1,0
BRDA:709,67,0,0
BRDA:709,67,1,0
BRDA:720,68,0,0
BRDA:720,68,1,0
BRDA:722,69,0,0
BRDA:722,69,1,0
BRDA:727,70,0,0
BRDA:727,70,1,0
BRDA:736,71,0,0
BRDA:736,71,1,0
BRDA:736,72,0,0
BRDA:736,72,1,0
BRDA:749,73,0,0
BRDA:749,73,1,0
BRDA:755,74,0,0
BRDA:755,74,1,0
BRDA:760,75,0,0
BRDA:760,75,1,0
BRDA:762,76,0,0
BRDA:762,76,1,0
BRDA:768,77,0,0
BRDA:768,77,1,0
BRDA:781,78,0,0
BRDA:781,78,1,0
BRDA:791,79,0,0
BRDA:791,79,1,0
BRDA:799,80,0,0
BRDA:799,80,1,0
BRDA:809,81,0,0
BRDA:809,81,1,0
BRDA:816,82,0,0
BRDA:816,82,1,0
BRDA:818,83,0,0
BRDA:818,83,1,0
BRDA:825,84,0,0
BRDA:825,84,1,0
BRDA:834,85,0,0
BRDA:834,85,1,0
BRDA:848,86,0,0
BRDA:848,87,0,0
BRDA:908,88,0,0
BRDA:908,88,1,0
BRDA:916,89,0,0
BRDA:916,89,1,0
BRDA:935,90,0,0
BRDA:935,90,1,0
BRDA:986,91,0,0
BRDA:986,92,0,0
BRDA:996,93,0,0
BRDA:996,93,1,0
BRDA:1001,94,0,0
BRDA:1001,94,1,0
BRDA:1023,95,0,0
BRDA:1023,95,1,0
BRDA:1031,96,0,0
BRDA:1031,96,1,0
BRDA:1080,97,0,0
BRDA:1080,97,1,0
BRDA:1120,98,0,0
BRDA:1120,98,1,0
BRDA:1130,99,0,0
BRDA:1130,99,1,0
BRDA:1135,100,0,0
BRDA:1135,100,1,0
BRDA:1163,101,0,0
BRDA:1163,101,1,0
BRDA:1163,102,0,0
BRDA:1163,102,1,0
BRDA:1165,103,0,0
BRDA:1165,103,1,0
BRDA:1165,104,0,0
BRDA:1165,104,1,0
BRDA:1176,105,0,0
BRDA:1176,105,1,0
BRDA:1219,106,0,0
BRDA:1219,106,1,0
BRDA:1252,107,0,0
BRDA:1252,107,1,0
BRF:226
BRH:0
end_of_record
TN:
SF:services/storageService.js
FN:5,(anonymous_0)
FN:13,(anonymous_1)
FN:37,(anonymous_2)
FN:58,(anonymous_3)
FN:89,(anonymous_4)
FN:102,(anonymous_5)
FNF:6
FNH:6
FNDA:18,(anonymous_0)
FNDA:13,(anonymous_1)
FNDA:12,(anonymous_2)
FNDA:23,(anonymous_3)
FNDA:4,(anonymous_4)
FNDA:1,(anonymous_5)
DA:1,2
DA:2,2
DA:6,18
DA:7,18
DA:14,13
DA:16,13
DA:19,12
DA:20,12
DA:22,11
DA:23,11
DA:25,0
DA:29,1
DA:38,12
DA:39,12
DA:40,10
DA:42,3
DA:44,1
DA:45,1
DA:47,2
DA:48,1
DA:50,1
DA:59,23
DA:60,3
DA:64,20
DA:66,20
DA:68,20
DA:70,20
DA:73,20
DA:76,2
DA:77,2
DA:81,2
DA:90,4
DA:91,4
DA:92,3
DA:94,1
DA:103,1
DA:107,2
LF:37
LH:36
BRDA:5,0,0,0
BRDA:22,1,0,11
BRDA:22,1,1,0
BRDA:42,2,0,1
BRDA:42,2,1,2
BRDA:47,3,0,1
BRDA:47,3,1,1
BRDA:59,4,0,3
BRDA:59,4,1,20
BRF:9
BRH:7
end_of_record
TN:
SF:services/todoService.js
FN:8,(anonymous_0)
FN:15,(anonymous_1)
FN:23,(anonymous_2)
FN:26,(anonymous_3)
FN:37,(anonymous_4)
FN:43,(anonymous_5)
FN:51,(anonymous_6)
FN:58,(anonymous_7)
FN:74,(anonymous_8)
FN:84,(anonymous_9)
FN:102,(anonymous_10)
FN:112,(anonymous_11)
FN:118,(anonymous_12)
FN:128,(anonymous_13)
FN:138,(anonymous_14)
FN:144,(anonymous_15)
FN:154,(anonymous_16)
FN:163,(anonymous_17)
FN:168,(anonymous_18)
FN:169,(anonymous_19)
FN:177,(anonymous_20)
FN:186,(anonymous_21)
FN:188,(anonymous_22)
FN:191,(anonymous_23)
FNF:24
FNH:24
FNDA:30,(anonymous_0)
FNDA:1,(anonymous_1)
FNDA:22,(anonymous_2)
FNDA:24,(anonymous_3)
FNDA:5,(anonymous_4)
FNDA:2,(anonymous_5)
FNDA:5,(anonymous_6)
FNDA:4,(anonymous_7)
FNDA:9,(anonymous_8)
FNDA:5,(anonymous_9)
FNDA:3,(anonymous_10)
FNDA:5,(anonymous_11)
FNDA:3,(anonymous_12)
FNDA:2,(anonymous_13)
FNDA:4,(anonymous_14)
FNDA:3,(anonymous_15)
FNDA:1,(anonymous_16)
FNDA:2,(anonymous_17)
FNDA:3,(anonymous_18)
FNDA:3,(anonymous_19)
FNDA:1,(anonymous_20)
FNDA:2,(anonymous_21)
FNDA:4,(anonymous_22)
FNDA:2,(anonymous_23)
DA:1,1
DA:2,1
DA:9,30
DA:16,1
DA:24,22
DA:25,22
DA:26,24
DA:28,1
DA:38,5
DA:39,3
DA:42,2
DA:43,2
DA:52,5
DA:53,5
DA:55,3
DA:56,3
DA:58,4
DA:60,2
DA:62,3
DA:75,9
DA:76,2
DA:79,7
DA:80,2
DA:83,5
DA:84,5
DA:86,5
DA:87,1
DA:90,4
DA:93,4
DA:94,3
DA:97,3
DA:98,2
DA:102,3
DA:104,3
DA:113,5
DA:114,2
DA:117,3
DA:118,3
DA:120,3
DA:121,1
DA:124,2
DA:125,2
DA:128,2
DA:130,2
DA:139,4
DA:140,2
DA:143,2
DA:144,3
DA:146,2
DA:147,1
DA:151,1
DA:154,1
DA:156,1
DA:164,2
DA:166,2
DA:168,3
DA:169,3
DA:178,1
DA:179,1
DA:187,2
DA:188,4
DA:189,2
DA:191,2
DA:193,2
DA:197,1
LF:65
LH:65
BRDA:8,0,0,0
BRDA:9,1,0,30
BRDA:9,1,1,0
BRDA:38,2,0,3
BRDA:38,2,1,2
BRDA:38,3,0,5
BRDA:38,3,1,3
BRDA:43,4,0,2
BRDA:43,4,1,1
BRDA:75,5,0,2
BRDA:75,5,1,7
BRDA:75,6,0,9
BRDA:75,6,1,7
BRDA:79,7,0,2
BRDA:79,7,1,5
BRDA:79,8,0,7
BRDA:79,8,1,6
BRDA:86,9,0,1
BRDA:86,9,1,4
BRDA:93,10,0,3
BRDA:93,10,1,1
BRDA:97,11,0,2
BRDA:97,11,1,1
BRDA:113,12,0,2
BRDA:113,12,1,3
BRDA:113,13,0,5
BRDA:113,13,1,3
BRDA:120,14,0,1
BRDA:120,14,1,2
BRDA:139,15,0,2
BRDA:139,15,1,2
BRDA:139,16,0,4
BRDA:139,16,1,2
BRDA:146,17,0,1
BRDA:146,17,1,1
BRF:35
BRH:33
end_of_record
